{"level":"error","message":"TypeError: Cannot read properties of null (reading 'role')\n    at /home/skokash/jopacc/src/controllers/documentController.js:73:12\n    at process.processTicksAndRejections (node:internal/process/task_queues:95:5)","service":"document-workflow"}
{"level":"error","message":"TypeError: Cannot read properties of null (reading 'role')\n    at /home/skokash/jopacc/src/controllers/documentController.js:73:12\n    at process.processTicksAndRejections (node:internal/process/task_queues:95:5)","service":"document-workflow"}
{"level":"error","message":"TypeError: Cannot read properties of null (reading 'role')\n    at /home/skokash/jopacc/src/controllers/documentController.js:73:12\n    at process.processTicksAndRejections (node:internal/process/task_queues:95:5)","service":"document-workflow"}
{"level":"error","message":"TypeError: Cannot read properties of null (reading 'role')\n    at /home/skokash/jopacc/src/controllers/documentController.js:73:12\n    at process.processTicksAndRejections (node:internal/process/task_queues:95:5)","service":"document-workflow"}
{"level":"error","message":"TypeError: Cannot read properties of null (reading 'role')\n    at /home/skokash/jopacc/src/controllers/documentController.js:73:12\n    at process.processTicksAndRejections (node:internal/process/task_queues:95:5)","service":"document-workflow"}
{"level":"error","message":"TypeError: Cannot read properties of null (reading 'role')\n    at /home/skokash/jopacc/src/controllers/documentController.js:74:12\n    at process.processTicksAndRejections (node:internal/process/task_queues:95:5)","service":"document-workflow"}
{"level":"error","message":"SyntaxError: Unexpected end of JSON input\n    at JSON.parse (<anonymous>)\n    at createStrictSyntaxError (/home/skokash/jopacc/node_modules/body-parser/lib/types/json.js:160:10)\n    at parse (/home/skokash/jopacc/node_modules/body-parser/lib/types/json.js:83:15)\n    at /home/skokash/jopacc/node_modules/body-parser/lib/read.js:128:18\n    at AsyncResource.runInAsyncScope (node:async_hooks:203:9)\n    at invokeCallback (/home/skokash/jopacc/node_modules/raw-body/index.js:231:16)\n    at done (/home/skokash/jopacc/node_modules/raw-body/index.js:220:7)\n    at IncomingMessage.onEnd (/home/skokash/jopacc/node_modules/raw-body/index.js:280:7)\n    at IncomingMessage.emit (node:events:513:28)\n    at endReadableNT (node:internal/streams/readable:1359:12)","service":"document-workflow"}
{"level":"error","message":"SyntaxError: Unexpected end of JSON input\n    at JSON.parse (<anonymous>)\n    at createStrictSyntaxError (/home/skokash/jopacc/node_modules/body-parser/lib/types/json.js:160:10)\n    at parse (/home/skokash/jopacc/node_modules/body-parser/lib/types/json.js:83:15)\n    at /home/skokash/jopacc/node_modules/body-parser/lib/read.js:128:18\n    at AsyncResource.runInAsyncScope (node:async_hooks:203:9)\n    at invokeCallback (/home/skokash/jopacc/node_modules/raw-body/index.js:231:16)\n    at done (/home/skokash/jopacc/node_modules/raw-body/index.js:220:7)\n    at IncomingMessage.onEnd (/home/skokash/jopacc/node_modules/raw-body/index.js:280:7)\n    at IncomingMessage.emit (node:events:513:28)\n    at endReadableNT (node:internal/streams/readable:1359:12)","service":"document-workflow"}
{"level":"info","message":"Notification: New document created. Awaiting validation by middleman.","service":"document-workflow"}
{"level":"info","message":"Notification: New document created. Awaiting validation by middleman.","service":"document-workflow"}
{"level":"info","message":"Notification: Document with ID 1 has been accepted by middleman. Awaiting validation by checker.","service":"document-workflow"}
{"level":"info","message":"Notification: Document with ID 1 has been accepted by middleman.","service":"document-workflow"}
{"level":"info","message":"Notification: Document with ID 1 has been delivered to the checker by middleman for validation.","service":"document-workflow"}
{"level":"info","message":"Notification: Document with ID 1 has been delivered by middleman for validation.","service":"document-workflow"}
{"level":"info","message":"Notification: Document with ID 1 has been rejected by checker for a reason and returned to be modified.","service":"document-workflow"}
{"level":"info","message":"Notification: Document with ID 1 has been rejected by checker for a reason and returned to maker to be modified.","service":"document-workflow"}
{"level":"info","message":"Notification: Document with ID 1 has been delivered to the maker by middleman for modification.","service":"document-workflow"}
{"level":"info","message":"Notification: Document with ID 1 has been delivered by middleman for modification.","service":"document-workflow"}
{"level":"info","message":"Notification: Document with ID 1 has been modified by maker and ready to be reviewed.","service":"document-workflow"}
{"level":"info","message":"Notification: Document with ID 1 has been modified by maker. Awaiting validation by middleman.","service":"document-workflow"}
{"level":"info","message":"Notification: Modification of document with ID 1 has been accepted by middleman. Awaiting validation by checker.","service":"document-workflow"}
{"level":"info","message":"Notification: Modification of document with ID 1 has been accepted by middleman. Awaiting to be delivered by middleman.","service":"document-workflow"}
{"level":"info","message":"Notification: Document with ID 1 has been delivered to the checker by middleman for validation.","service":"document-workflow"}
{"level":"info","message":"Notification: Document with ID 1 has been delivered by middleman for validation.","service":"document-workflow"}
{"level":"info","message":"Notification: Document with ID 1 has been accepted by checker.","service":"document-workflow"}
{"level":"info","message":"Notification: Document with ID 1 has been accepted by checker.","service":"document-workflow"}
{"level":"error","message":"Error: Please provide all required fields\n    at /home/skokash/jopacc/src/controllers/documentController.js:77:17\n    at process.processTicksAndRejections (node:internal/process/task_queues:95:5)","service":"document-workflow"}
{"level":"error","service":"document-workflow"}
